2025-06-29 01:28:59,134 - INFO - âœ… ××•×“×œ ×”×‘×™× ×” ×”××œ××›×•×ª×™×ª ×”×•×’×“×¨ ×‘×”×¦×œ×—×”
2025-06-29 01:28:59,172 - INFO - [31m[1mWARNING: This is a development server. Do not use it in a production deployment. Use a production WSGI server instead.[0m
 * Running on all addresses (0.0.0.0)
 * Running on http://127.0.0.1:5000
 * Running on http://10.100.102.10:5000
2025-06-29 01:28:59,173 - INFO - [33mPress CTRL+C to quit[0m
2025-06-29 01:29:10,522 - INFO - 127.0.0.1 - - [29/Jun/2025 01:29:10] "GET / HTTP/1.1" 200 -
2025-06-29 01:29:17,836 - INFO - 127.0.0.1 - - [29/Jun/2025 01:29:17] "POST /api/user-details HTTP/1.1" 200 -
2025-06-29 01:29:34,946 - INFO - 127.0.0.1 - - [29/Jun/2025 01:29:34] "[33mGET /.well-known/appspecific/com.chrome.devtools.json HTTP/1.1[0m" 404 -
2025-06-29 01:32:04,436 - INFO - 127.0.0.1 - - [29/Jun/2025 01:32:04] "[33mGET /.well-known/appspecific/com.chrome.devtools.json HTTP/1.1[0m" 404 -
2025-06-29 01:44:25,677 - INFO - âœ… ××•×“×œ ×”×‘×™× ×” ×”××œ××›×•×ª×™×ª ×”×•×’×“×¨ ×‘×”×¦×œ×—×”
2025-06-29 01:44:25,716 - INFO - [31m[1mWARNING: This is a development server. Do not use it in a production deployment. Use a production WSGI server instead.[0m
 * Running on all addresses (0.0.0.0)
 * Running on http://127.0.0.1:5000
 * Running on http://10.100.102.10:5000
2025-06-29 01:44:25,717 - INFO - [33mPress CTRL+C to quit[0m
2025-06-29 01:47:11,204 - INFO - âœ… ××•×“×œ ×”×‘×™× ×” ×”××œ××›×•×ª×™×ª ×”×•×’×“×¨ ×‘×”×¦×œ×—×”
2025-06-29 01:47:11,228 - INFO - [31m[1mWARNING: This is a development server. Do not use it in a production deployment. Use a production WSGI server instead.[0m
 * Running on all addresses (0.0.0.0)
 * Running on http://127.0.0.1:5000
 * Running on http://10.100.102.10:5000
2025-06-29 01:47:11,229 - INFO - [33mPress CTRL+C to quit[0m
2025-06-29 01:52:27,388 - INFO - âœ… ××•×“×œ ×”×‘×™× ×” ×”××œ××›×•×ª×™×ª ×”×•×’×“×¨ ×‘×”×¦×œ×—×”
2025-06-29 01:52:27,410 - INFO - [31m[1mWARNING: This is a development server. Do not use it in a production deployment. Use a production WSGI server instead.[0m
 * Running on all addresses (0.0.0.0)
 * Running on http://127.0.0.1:5000
 * Running on http://10.100.102.10:5000
2025-06-29 01:52:27,410 - INFO - [33mPress CTRL+C to quit[0m
2025-06-29 01:52:41,431 - INFO - 127.0.0.1 - - [29/Jun/2025 01:52:41] "GET / HTTP/1.1" 200 -
2025-06-29 01:52:46,787 - INFO - 127.0.0.1 - - [29/Jun/2025 01:52:46] "POST /api/user-details HTTP/1.1" 200 -
2025-06-29 01:52:54,175 - ERROR - ×©×’×™××” ×›×œ×œ×™×ª ×—××•×¨×” ×‘×©×¨×ª: (sqlite3.OperationalError) no such column: conversation.main_topic
[SQL: SELECT conversation.id AS conversation_id, conversation.parent_id AS conversation_parent_id, conversation.start_time AS conversation_start_time, conversation.main_topic AS conversation_main_topic, conversation.sentiment AS conversation_sentiment 
FROM conversation 
WHERE conversation.parent_id = ? ORDER BY conversation.start_time DESC
 LIMIT ? OFFSET ?]
[parameters: ('session_17509185177590.7023067068452253', 1, 0)]
(Background on this error at: https://sqlalche.me/e/20/e3q8)
Traceback (most recent call last):
  File "C:\Users\ori\AppData\Local\Programs\Python\Python313\Lib\site-packages\sqlalchemy\engine\base.py", line 1963, in _exec_single_context
    self.dialect.do_execute(
    ~~~~~~~~~~~~~~~~~~~~~~~^
        cursor, str_statement, effective_parameters, context
        ^^^^^^^^^^^^^^^^^^^^^^^^^^^^^^^^^^^^^^^^^^^^^^^^^^^^
    )
    ^
  File "C:\Users\ori\AppData\Local\Programs\Python\Python313\Lib\site-packages\sqlalchemy\engine\default.py", line 943, in do_execute
    cursor.execute(statement, parameters)
    ~~~~~~~~~~~~~~^^^^^^^^^^^^^^^^^^^^^^^
sqlite3.OperationalError: no such column: conversation.main_topic

The above exception was the direct cause of the following exception:

Traceback (most recent call last):
  File "C:\Users\ori\Desktop\yonatan-bot\app.py", line 98, in chat
    conversation = Conversation.query.filter_by(parent_id=parent.id).order_by(Conversation.start_time.desc()).first()
  File "C:\Users\ori\AppData\Local\Programs\Python\Python313\Lib\site-packages\sqlalchemy\orm\query.py", line 2759, in first
    return self.limit(1)._iter().first()  # type: ignore
           ~~~~~~~~~~~~~~~~~~~^^
  File "C:\Users\ori\AppData\Local\Programs\Python\Python313\Lib\site-packages\sqlalchemy\orm\query.py", line 2857, in _iter
    result: Union[ScalarResult[_T], Result[_T]] = self.session.execute(
                                                  ~~~~~~~~~~~~~~~~~~~~^
        statement,
        ^^^^^^^^^^
        params,
        ^^^^^^^
        execution_options={"_sa_orm_load_options": self.load_options},
        ^^^^^^^^^^^^^^^^^^^^^^^^^^^^^^^^^^^^^^^^^^^^^^^^^^^^^^^^^^^^^^
    )
    ^
  File "C:\Users\ori\AppData\Local\Programs\Python\Python313\Lib\site-packages\sqlalchemy\orm\session.py", line 2365, in execute
    return self._execute_internal(
           ~~~~~~~~~~~~~~~~~~~~~~^
        statement,
        ^^^^^^^^^^
    ...<4 lines>...
        _add_event=_add_event,
        ^^^^^^^^^^^^^^^^^^^^^^
    )
    ^
  File "C:\Users\ori\AppData\Local\Programs\Python\Python313\Lib\site-packages\sqlalchemy\orm\session.py", line 2251, in _execute_internal
    result: Result[Any] = compile_state_cls.orm_execute_statement(
                          ~~~~~~~~~~~~~~~~~~~~~~~~~~~~~~~~~~~~~~~^
        self,
        ^^^^^
    ...<4 lines>...
        conn,
        ^^^^^
    )
    ^
  File "C:\Users\ori\AppData\Local\Programs\Python\Python313\Lib\site-packages\sqlalchemy\orm\context.py", line 306, in orm_execute_statement
    result = conn.execute(
        statement, params or {}, execution_options=execution_options
    )
  File "C:\Users\ori\AppData\Local\Programs\Python\Python313\Lib\site-packages\sqlalchemy\engine\base.py", line 1415, in execute
    return meth(
        self,
        distilled_parameters,
        execution_options or NO_OPTIONS,
    )
  File "C:\Users\ori\AppData\Local\Programs\Python\Python313\Lib\site-packages\sqlalchemy\sql\elements.py", line 523, in _execute_on_connection
    return connection._execute_clauseelement(
           ~~~~~~~~~~~~~~~~~~~~~~~~~~~~~~~~~^
        self, distilled_params, execution_options
        ^^^^^^^^^^^^^^^^^^^^^^^^^^^^^^^^^^^^^^^^^
    )
    ^
  File "C:\Users\ori\AppData\Local\Programs\Python\Python313\Lib\site-packages\sqlalchemy\engine\base.py", line 1637, in _execute_clauseelement
    ret = self._execute_context(
        dialect,
    ...<8 lines>...
        cache_hit=cache_hit,
    )
  File "C:\Users\ori\AppData\Local\Programs\Python\Python313\Lib\site-packages\sqlalchemy\engine\base.py", line 1842, in _execute_context
    return self._exec_single_context(
           ~~~~~~~~~~~~~~~~~~~~~~~~~^
        dialect, context, statement, parameters
        ^^^^^^^^^^^^^^^^^^^^^^^^^^^^^^^^^^^^^^^
    )
    ^
  File "C:\Users\ori\AppData\Local\Programs\Python\Python313\Lib\site-packages\sqlalchemy\engine\base.py", line 1982, in _exec_single_context
    self._handle_dbapi_exception(
    ~~~~~~~~~~~~~~~~~~~~~~~~~~~~^
        e, str_statement, effective_parameters, cursor, context
        ^^^^^^^^^^^^^^^^^^^^^^^^^^^^^^^^^^^^^^^^^^^^^^^^^^^^^^^
    )
    ^
  File "C:\Users\ori\AppData\Local\Programs\Python\Python313\Lib\site-packages\sqlalchemy\engine\base.py", line 2351, in _handle_dbapi_exception
    raise sqlalchemy_exception.with_traceback(exc_info[2]) from e
  File "C:\Users\ori\AppData\Local\Programs\Python\Python313\Lib\site-packages\sqlalchemy\engine\base.py", line 1963, in _exec_single_context
    self.dialect.do_execute(
    ~~~~~~~~~~~~~~~~~~~~~~~^
        cursor, str_statement, effective_parameters, context
        ^^^^^^^^^^^^^^^^^^^^^^^^^^^^^^^^^^^^^^^^^^^^^^^^^^^^
    )
    ^
  File "C:\Users\ori\AppData\Local\Programs\Python\Python313\Lib\site-packages\sqlalchemy\engine\default.py", line 943, in do_execute
    cursor.execute(statement, parameters)
    ~~~~~~~~~~~~~~^^^^^^^^^^^^^^^^^^^^^^^
sqlalchemy.exc.OperationalError: (sqlite3.OperationalError) no such column: conversation.main_topic
[SQL: SELECT conversation.id AS conversation_id, conversation.parent_id AS conversation_parent_id, conversation.start_time AS conversation_start_time, conversation.main_topic AS conversation_main_topic, conversation.sentiment AS conversation_sentiment 
FROM conversation 
WHERE conversation.parent_id = ? ORDER BY conversation.start_time DESC
 LIMIT ? OFFSET ?]
[parameters: ('session_17509185177590.7023067068452253', 1, 0)]
(Background on this error at: https://sqlalche.me/e/20/e3q8)
2025-06-29 01:52:54,203 - INFO - 127.0.0.1 - - [29/Jun/2025 01:52:54] "[35m[1mPOST /api/chat HTTP/1.1[0m" 500 -
2025-06-29 02:00:26,883 - INFO - ×‘×¡×™×¡ ×”× ×ª×•× ×™× ×œ× ×§×™×™×, ×™×™×•×•×¦×¨ ××—×“ ×—×“×©.
2025-06-29 02:00:26,892 - INFO - âœ… ××•×“×œ ×”×‘×™× ×” ×”××œ××›×•×ª×™×ª ×”×•×’×“×¨ ×‘×”×¦×œ×—×”
2025-06-29 02:00:26,941 - INFO - [31m[1mWARNING: This is a development server. Do not use it in a production deployment. Use a production WSGI server instead.[0m
 * Running on all addresses (0.0.0.0)
 * Running on http://127.0.0.1:5000
 * Running on http://10.100.102.10:5000
2025-06-29 02:00:26,941 - INFO - [33mPress CTRL+C to quit[0m
2025-06-29 02:00:38,883 - INFO - 127.0.0.1 - - [29/Jun/2025 02:00:38] "GET / HTTP/1.1" 200 -
2025-06-29 02:00:45,552 - INFO - New parent created in DB: ××•×¨×™ (session_17509185177590.7023067068452253)
2025-06-29 02:00:45,559 - INFO - 127.0.0.1 - - [29/Jun/2025 02:00:45] "POST /api/user-details HTTP/1.1" 200 -
2025-06-29 02:00:57,765 - INFO - 127.0.0.1 - - [29/Jun/2025 02:00:57] "POST /api/chat HTTP/1.1" 200 -
2025-06-29 02:02:49,312 - INFO - 127.0.0.1 - - [29/Jun/2025 02:02:49] "POST /api/feedback HTTP/1.1" 200 -
2025-06-29 02:04:27,553 - INFO - âœ… ×¡×›××ª ×‘×¡×™×¡ ×”× ×ª×•× ×™× ×ª×§×™× ×” ×•××¢×•×“×›× ×ª.
2025-06-29 02:04:27,564 - INFO - âœ… ××•×“×œ ×”×‘×™× ×” ×”××œ××›×•×ª×™×ª ×”×•×’×“×¨ ×‘×”×¦×œ×—×”
2025-06-29 02:04:27,585 - INFO - [31m[1mWARNING: This is a development server. Do not use it in a production deployment. Use a production WSGI server instead.[0m
 * Running on all addresses (0.0.0.0)
 * Running on http://127.0.0.1:5000
 * Running on http://10.100.102.10:5000
2025-06-29 02:04:27,586 - INFO - [33mPress CTRL+C to quit[0m
2025-06-29 02:04:39,263 - INFO - 127.0.0.1 - - [29/Jun/2025 02:04:39] "GET / HTTP/1.1" 200 -
2025-06-29 02:04:45,565 - INFO - 127.0.0.1 - - [29/Jun/2025 02:04:45] "POST /api/user-details HTTP/1.1" 200 -
2025-06-29 02:05:03,251 - INFO - 127.0.0.1 - - [29/Jun/2025 02:05:03] "POST /api/chat HTTP/1.1" 200 -
2025-06-29 02:05:17,618 - INFO - 127.0.0.1 - - [29/Jun/2025 02:05:17] "POST /api/chat HTTP/1.1" 200 -
2025-06-29 02:05:26,495 - INFO - 127.0.0.1 - - [29/Jun/2025 02:05:26] "POST /api/chat HTTP/1.1" 200 -
2025-06-29 02:06:01,363 - INFO - 127.0.0.1 - - [29/Jun/2025 02:06:01] "POST /api/chat HTTP/1.1" 200 -
2025-06-29 02:06:40,166 - INFO - 127.0.0.1 - - [29/Jun/2025 02:06:40] "POST /api/chat HTTP/1.1" 200 -
2025-06-29 02:07:15,501 - INFO - 127.0.0.1 - - [29/Jun/2025 02:07:15] "POST /api/chat HTTP/1.1" 200 -
2025-06-29 02:07:27,432 - INFO - 127.0.0.1 - - [29/Jun/2025 02:07:27] "POST /api/chat HTTP/1.1" 200 -
2025-06-29 02:08:08,988 - INFO - 127.0.0.1 - - [29/Jun/2025 02:08:08] "POST /api/chat HTTP/1.1" 200 -
2025-06-29 02:08:43,183 - INFO - 127.0.0.1 - - [29/Jun/2025 02:08:43] "POST /api/chat HTTP/1.1" 200 -
2025-06-29 02:09:13,875 - INFO - 127.0.0.1 - - [29/Jun/2025 02:09:13] "POST /api/chat HTTP/1.1" 200 -
2025-06-29 02:10:46,885 - INFO - 127.0.0.1 - - [29/Jun/2025 02:10:46] "POST /api/chat HTTP/1.1" 200 -
2025-06-29 02:11:04,636 - INFO - 127.0.0.1 - - [29/Jun/2025 02:11:04] "POST /api/chat HTTP/1.1" 200 -
2025-06-29 02:13:14,202 - INFO - 127.0.0.1 - - [29/Jun/2025 02:13:14] "POST /api/chat HTTP/1.1" 200 -
2025-06-29 02:13:39,494 - INFO - 127.0.0.1 - - [29/Jun/2025 02:13:39] "POST /api/chat HTTP/1.1" 200 -
2025-06-29 02:14:19,006 - INFO - 127.0.0.1 - - [29/Jun/2025 02:14:19] "POST /api/chat HTTP/1.1" 200 -
2025-06-29 02:14:36,969 - INFO - 127.0.0.1 - - [29/Jun/2025 02:14:36] "POST /api/chat HTTP/1.1" 200 -
2025-06-29 02:14:57,216 - INFO - 127.0.0.1 - - [29/Jun/2025 02:14:57] "[33mGET /.well-known/appspecific/com.chrome.devtools.json HTTP/1.1[0m" 404 -
2025-06-29 02:18:35,753 - INFO - 127.0.0.1 - - [29/Jun/2025 02:18:35] "POST /api/feedback HTTP/1.1" 200 -
2025-06-29 02:21:09,848 - INFO - âœ… ×¡×›××ª ×‘×¡×™×¡ ×”× ×ª×•× ×™× ×ª×§×™× ×” ×•××¢×•×“×›× ×ª.
2025-06-29 02:21:09,862 - INFO - âœ… ××•×“×œ ×”×‘×™× ×” ×”××œ××›×•×ª×™×ª ×”×•×’×“×¨ ×‘×”×¦×œ×—×”
2025-06-29 02:21:09,888 - INFO - [31m[1mWARNING: This is a development server. Do not use it in a production deployment. Use a production WSGI server instead.[0m
 * Running on all addresses (0.0.0.0)
 * Running on http://127.0.0.1:5000
 * Running on http://10.100.102.10:5000
2025-06-29 02:21:09,888 - INFO - [33mPress CTRL+C to quit[0m
2025-06-29 02:21:20,617 - INFO - 127.0.0.1 - - [29/Jun/2025 02:21:20] "GET / HTTP/1.1" 200 -
2025-06-29 02:21:29,879 - INFO - 127.0.0.1 - - [29/Jun/2025 02:21:29] "POST /api/user-details HTTP/1.1" 200 -
2025-06-29 02:21:55,626 - INFO - 127.0.0.1 - - [29/Jun/2025 02:21:55] "POST /api/chat HTTP/1.1" 200 -
2025-06-29 02:22:34,378 - INFO - 127.0.0.1 - - [29/Jun/2025 02:22:34] "POST /api/chat HTTP/1.1" 200 -
2025-06-29 02:22:49,771 - INFO - 127.0.0.1 - - [29/Jun/2025 02:22:49] "POST /api/chat HTTP/1.1" 200 -
2025-06-29 02:23:07,604 - INFO - 127.0.0.1 - - [29/Jun/2025 02:23:07] "POST /api/chat HTTP/1.1" 200 -
2025-06-29 02:23:17,613 - INFO - 127.0.0.1 - - [29/Jun/2025 02:23:17] "POST /api/chat HTTP/1.1" 200 -
2025-06-29 02:23:53,275 - INFO - 127.0.0.1 - - [29/Jun/2025 02:23:53] "POST /api/chat HTTP/1.1" 200 -
2025-06-29 02:24:09,280 - INFO - 127.0.0.1 - - [29/Jun/2025 02:24:09] "POST /api/chat HTTP/1.1" 200 -
2025-06-29 02:24:32,226 - INFO - 127.0.0.1 - - [29/Jun/2025 02:24:32] "POST /api/chat HTTP/1.1" 200 -
2025-06-29 02:24:44,405 - INFO - 127.0.0.1 - - [29/Jun/2025 02:24:44] "POST /api/chat HTTP/1.1" 200 -
2025-06-29 12:58:48,065 - INFO - [31m[1mWARNING: This is a development server. Do not use it in a production deployment. Use a production WSGI server instead.[0m
 * Running on all addresses (0.0.0.0)
 * Running on http://127.0.0.1:5000
 * Running on http://10.100.102.10:5000
2025-06-29 12:58:48,067 - INFO - [33mPress CTRL+C to quit[0m
2025-06-29 12:59:54,100 - INFO - 127.0.0.1 - - [29/Jun/2025 12:59:54] "GET / HTTP/1.1" 200 -
2025-06-29 12:59:54,830 - INFO - 127.0.0.1 - - [29/Jun/2025 12:59:54] "GET /widget.js HTTP/1.1" 200 -
2025-06-29 13:00:27,818 - INFO - 127.0.0.1 - - [29/Jun/2025 13:00:27] "[35m[1mPOST /api/user-details HTTP/1.1[0m" 500 -
2025-06-29 13:00:29,272 - ERROR - ×©×’×™××” ×›×œ×œ×™×ª ×—××•×¨×” ×‘×©×¨×ª: (sqlite3.OperationalError) no such column: parent.website_link
[SQL: SELECT parent.id AS parent_id, parent.name AS parent_name, parent.gender AS parent_gender, parent.created_at AS parent_created_at, parent.website_link AS parent_website_link 
FROM parent 
WHERE parent.id = ?]
[parameters: ('session_17509185177590.7023067068452253',)]
(Background on this error at: https://sqlalche.me/e/20/e3q8)
Traceback (most recent call last):
  File "C:\Users\ori\AppData\Local\Programs\Python\Python313\Lib\site-packages\sqlalchemy\engine\base.py", line 1963, in _exec_single_context
    self.dialect.do_execute(
    ~~~~~~~~~~~~~~~~~~~~~~~^
        cursor, str_statement, effective_parameters, context
        ^^^^^^^^^^^^^^^^^^^^^^^^^^^^^^^^^^^^^^^^^^^^^^^^^^^^
    )
    ^
  File "C:\Users\ori\AppData\Local\Programs\Python\Python313\Lib\site-packages\sqlalchemy\engine\default.py", line 943, in do_execute
    cursor.execute(statement, parameters)
    ~~~~~~~~~~~~~~^^^^^^^^^^^^^^^^^^^^^^^
sqlite3.OperationalError: no such column: parent.website_link

The above exception was the direct cause of the following exception:

Traceback (most recent call last):
  File "C:\Users\ori\Desktop\yonatan-bot\app.py", line 132, in chat
    parent = db.session.get(Parent, session_id)
  File "C:\Users\ori\AppData\Local\Programs\Python\Python313\Lib\site-packages\sqlalchemy\orm\scoping.py", line 1058, in get
    return self._proxied.get(
           ~~~~~~~~~~~~~~~~~^
        entity,
        ^^^^^^^
    ...<6 lines>...
        bind_arguments=bind_arguments,
        ^^^^^^^^^^^^^^^^^^^^^^^^^^^^^^
    )
    ^
  File "C:\Users\ori\AppData\Local\Programs\Python\Python313\Lib\site-packages\sqlalchemy\orm\session.py", line 3694, in get
    return self._get_impl(
           ~~~~~~~~~~~~~~^
        entity,
        ^^^^^^^
    ...<7 lines>...
        bind_arguments=bind_arguments,
        ^^^^^^^^^^^^^^^^^^^^^^^^^^^^^^
    )
    ^
  File "C:\Users\ori\AppData\Local\Programs\Python\Python313\Lib\site-packages\sqlalchemy\orm\session.py", line 3873, in _get_impl
    return db_load_fn(
        self,
    ...<5 lines>...
        bind_arguments=bind_arguments,
    )
  File "C:\Users\ori\AppData\Local\Programs\Python\Python313\Lib\site-packages\sqlalchemy\orm\loading.py", line 694, in load_on_pk_identity
    session.execute(
    ~~~~~~~~~~~~~~~^
        q,
        ^^
    ...<2 lines>...
        bind_arguments=bind_arguments,
        ^^^^^^^^^^^^^^^^^^^^^^^^^^^^^^
    )
    ^
  File "C:\Users\ori\AppData\Local\Programs\Python\Python313\Lib\site-packages\sqlalchemy\orm\session.py", line 2365, in execute
    return self._execute_internal(
           ~~~~~~~~~~~~~~~~~~~~~~^
        statement,
        ^^^^^^^^^^
    ...<4 lines>...
        _add_event=_add_event,
        ^^^^^^^^^^^^^^^^^^^^^^
    )
    ^
  File "C:\Users\ori\AppData\Local\Programs\Python\Python313\Lib\site-packages\sqlalchemy\orm\session.py", line 2251, in _execute_internal
    result: Result[Any] = compile_state_cls.orm_execute_statement(
                          ~~~~~~~~~~~~~~~~~~~~~~~~~~~~~~~~~~~~~~~^
        self,
        ^^^^^
    ...<4 lines>...
        conn,
        ^^^^^
    )
    ^
  File "C:\Users\ori\AppData\Local\Programs\Python\Python313\Lib\site-packages\sqlalchemy\orm\context.py", line 306, in orm_execute_statement
    result = conn.execute(
        statement, params or {}, execution_options=execution_options
    )
  File "C:\Users\ori\AppData\Local\Programs\Python\Python313\Lib\site-packages\sqlalchemy\engine\base.py", line 1415, in execute
    return meth(
        self,
        distilled_parameters,
        execution_options or NO_OPTIONS,
    )
  File "C:\Users\ori\AppData\Local\Programs\Python\Python313\Lib\site-packages\sqlalchemy\sql\elements.py", line 523, in _execute_on_connection
    return connection._execute_clauseelement(
           ~~~~~~~~~~~~~~~~~~~~~~~~~~~~~~~~~^
        self, distilled_params, execution_options
        ^^^^^^^^^^^^^^^^^^^^^^^^^^^^^^^^^^^^^^^^^
    )
    ^
  File "C:\Users\ori\AppData\Local\Programs\Python\Python313\Lib\site-packages\sqlalchemy\engine\base.py", line 1637, in _execute_clauseelement
    ret = self._execute_context(
        dialect,
    ...<8 lines>...
        cache_hit=cache_hit,
    )
  File "C:\Users\ori\AppData\Local\Programs\Python\Python313\Lib\site-packages\sqlalchemy\engine\base.py", line 1842, in _execute_context
    return self._exec_single_context(
           ~~~~~~~~~~~~~~~~~~~~~~~~~^
        dialect, context, statement, parameters
        ^^^^^^^^^^^^^^^^^^^^^^^^^^^^^^^^^^^^^^^
    )
    ^
  File "C:\Users\ori\AppData\Local\Programs\Python\Python313\Lib\site-packages\sqlalchemy\engine\base.py", line 1982, in _exec_single_context
    self._handle_dbapi_exception(
    ~~~~~~~~~~~~~~~~~~~~~~~~~~~~^
        e, str_statement, effective_parameters, cursor, context
        ^^^^^^^^^^^^^^^^^^^^^^^^^^^^^^^^^^^^^^^^^^^^^^^^^^^^^^^
    )
    ^
  File "C:\Users\ori\AppData\Local\Programs\Python\Python313\Lib\site-packages\sqlalchemy\engine\base.py", line 2351, in _handle_dbapi_exception
    raise sqlalchemy_exception.with_traceback(exc_info[2]) from e
  File "C:\Users\ori\AppData\Local\Programs\Python\Python313\Lib\site-packages\sqlalchemy\engine\base.py", line 1963, in _exec_single_context
    self.dialect.do_execute(
    ~~~~~~~~~~~~~~~~~~~~~~~^
        cursor, str_statement, effective_parameters, context
        ^^^^^^^^^^^^^^^^^^^^^^^^^^^^^^^^^^^^^^^^^^^^^^^^^^^^
    )
    ^
  File "C:\Users\ori\AppData\Local\Programs\Python\Python313\Lib\site-packages\sqlalchemy\engine\default.py", line 943, in do_execute
    cursor.execute(statement, parameters)
    ~~~~~~~~~~~~~~^^^^^^^^^^^^^^^^^^^^^^^
sqlalchemy.exc.OperationalError: (sqlite3.OperationalError) no such column: parent.website_link
[SQL: SELECT parent.id AS parent_id, parent.name AS parent_name, parent.gender AS parent_gender, parent.created_at AS parent_created_at, parent.website_link AS parent_website_link 
FROM parent 
WHERE parent.id = ?]
[parameters: ('session_17509185177590.7023067068452253',)]
(Background on this error at: https://sqlalche.me/e/20/e3q8)
2025-06-29 13:00:29,289 - INFO - 127.0.0.1 - - [29/Jun/2025 13:00:29] "[35m[1mPOST /api/chat HTTP/1.1[0m" 500 -
2025-06-29 13:00:35,438 - ERROR - ×©×’×™××” ×›×œ×œ×™×ª ×—××•×¨×” ×‘×©×¨×ª: (sqlite3.OperationalError) no such column: parent.website_link
[SQL: SELECT parent.id AS parent_id, parent.name AS parent_name, parent.gender AS parent_gender, parent.created_at AS parent_created_at, parent.website_link AS parent_website_link 
FROM parent 
WHERE parent.id = ?]
[parameters: ('session_17509185177590.7023067068452253',)]
(Background on this error at: https://sqlalche.me/e/20/e3q8)
Traceback (most recent call last):
  File "C:\Users\ori\AppData\Local\Programs\Python\Python313\Lib\site-packages\sqlalchemy\engine\base.py", line 1963, in _exec_single_context
    self.dialect.do_execute(
    ~~~~~~~~~~~~~~~~~~~~~~~^
        cursor, str_statement, effective_parameters, context
        ^^^^^^^^^^^^^^^^^^^^^^^^^^^^^^^^^^^^^^^^^^^^^^^^^^^^
    )
    ^
  File "C:\Users\ori\AppData\Local\Programs\Python\Python313\Lib\site-packages\sqlalchemy\engine\default.py", line 943, in do_execute
    cursor.execute(statement, parameters)
    ~~~~~~~~~~~~~~^^^^^^^^^^^^^^^^^^^^^^^
sqlite3.OperationalError: no such column: parent.website_link

The above exception was the direct cause of the following exception:

Traceback (most recent call last):
  File "C:\Users\ori\Desktop\yonatan-bot\app.py", line 132, in chat
    parent = db.session.get(Parent, session_id)
  File "C:\Users\ori\AppData\Local\Programs\Python\Python313\Lib\site-packages\sqlalchemy\orm\scoping.py", line 1058, in get
    return self._proxied.get(
           ~~~~~~~~~~~~~~~~~^
        entity,
        ^^^^^^^
    ...<6 lines>...
        bind_arguments=bind_arguments,
        ^^^^^^^^^^^^^^^^^^^^^^^^^^^^^^
    )
    ^
  File "C:\Users\ori\AppData\Local\Programs\Python\Python313\Lib\site-packages\sqlalchemy\orm\session.py", line 3694, in get
    return self._get_impl(
           ~~~~~~~~~~~~~~^
        entity,
        ^^^^^^^
    ...<7 lines>...
        bind_arguments=bind_arguments,
        ^^^^^^^^^^^^^^^^^^^^^^^^^^^^^^
    )
    ^
  File "C:\Users\ori\AppData\Local\Programs\Python\Python313\Lib\site-packages\sqlalchemy\orm\session.py", line 3873, in _get_impl
    return db_load_fn(
        self,
    ...<5 lines>...
        bind_arguments=bind_arguments,
    )
  File "C:\Users\ori\AppData\Local\Programs\Python\Python313\Lib\site-packages\sqlalchemy\orm\loading.py", line 694, in load_on_pk_identity
    session.execute(
    ~~~~~~~~~~~~~~~^
        q,
        ^^
    ...<2 lines>...
        bind_arguments=bind_arguments,
        ^^^^^^^^^^^^^^^^^^^^^^^^^^^^^^
    )
    ^
  File "C:\Users\ori\AppData\Local\Programs\Python\Python313\Lib\site-packages\sqlalchemy\orm\session.py", line 2365, in execute
    return self._execute_internal(
           ~~~~~~~~~~~~~~~~~~~~~~^
        statement,
        ^^^^^^^^^^
    ...<4 lines>...
        _add_event=_add_event,
        ^^^^^^^^^^^^^^^^^^^^^^
    )
    ^
  File "C:\Users\ori\AppData\Local\Programs\Python\Python313\Lib\site-packages\sqlalchemy\orm\session.py", line 2251, in _execute_internal
    result: Result[Any] = compile_state_cls.orm_execute_statement(
                          ~~~~~~~~~~~~~~~~~~~~~~~~~~~~~~~~~~~~~~~^
        self,
        ^^^^^
    ...<4 lines>...
        conn,
        ^^^^^
    )
    ^
  File "C:\Users\ori\AppData\Local\Programs\Python\Python313\Lib\site-packages\sqlalchemy\orm\context.py", line 306, in orm_execute_statement
    result = conn.execute(
        statement, params or {}, execution_options=execution_options
    )
  File "C:\Users\ori\AppData\Local\Programs\Python\Python313\Lib\site-packages\sqlalchemy\engine\base.py", line 1415, in execute
    return meth(
        self,
        distilled_parameters,
        execution_options or NO_OPTIONS,
    )
  File "C:\Users\ori\AppData\Local\Programs\Python\Python313\Lib\site-packages\sqlalchemy\sql\elements.py", line 523, in _execute_on_connection
    return connection._execute_clauseelement(
           ~~~~~~~~~~~~~~~~~~~~~~~~~~~~~~~~~^
        self, distilled_params, execution_options
        ^^^^^^^^^^^^^^^^^^^^^^^^^^^^^^^^^^^^^^^^^
    )
    ^
  File "C:\Users\ori\AppData\Local\Programs\Python\Python313\Lib\site-packages\sqlalchemy\engine\base.py", line 1637, in _execute_clauseelement
    ret = self._execute_context(
        dialect,
    ...<8 lines>...
        cache_hit=cache_hit,
    )
  File "C:\Users\ori\AppData\Local\Programs\Python\Python313\Lib\site-packages\sqlalchemy\engine\base.py", line 1842, in _execute_context
    return self._exec_single_context(
           ~~~~~~~~~~~~~~~~~~~~~~~~~^
        dialect, context, statement, parameters
        ^^^^^^^^^^^^^^^^^^^^^^^^^^^^^^^^^^^^^^^
    )
    ^
  File "C:\Users\ori\AppData\Local\Programs\Python\Python313\Lib\site-packages\sqlalchemy\engine\base.py", line 1982, in _exec_single_context
    self._handle_dbapi_exception(
    ~~~~~~~~~~~~~~~~~~~~~~~~~~~~^
        e, str_statement, effective_parameters, cursor, context
        ^^^^^^^^^^^^^^^^^^^^^^^^^^^^^^^^^^^^^^^^^^^^^^^^^^^^^^^
    )
    ^
  File "C:\Users\ori\AppData\Local\Programs\Python\Python313\Lib\site-packages\sqlalchemy\engine\base.py", line 2351, in _handle_dbapi_exception
    raise sqlalchemy_exception.with_traceback(exc_info[2]) from e
  File "C:\Users\ori\AppData\Local\Programs\Python\Python313\Lib\site-packages\sqlalchemy\engine\base.py", line 1963, in _exec_single_context
    self.dialect.do_execute(
    ~~~~~~~~~~~~~~~~~~~~~~~^
        cursor, str_statement, effective_parameters, context
        ^^^^^^^^^^^^^^^^^^^^^^^^^^^^^^^^^^^^^^^^^^^^^^^^^^^^
    )
    ^
  File "C:\Users\ori\AppData\Local\Programs\Python\Python313\Lib\site-packages\sqlalchemy\engine\default.py", line 943, in do_execute
    cursor.execute(statement, parameters)
    ~~~~~~~~~~~~~~^^^^^^^^^^^^^^^^^^^^^^^
sqlalchemy.exc.OperationalError: (sqlite3.OperationalError) no such column: parent.website_link
[SQL: SELECT parent.id AS parent_id, parent.name AS parent_name, parent.gender AS parent_gender, parent.created_at AS parent_created_at, parent.website_link AS parent_website_link 
FROM parent 
WHERE parent.id = ?]
[parameters: ('session_17509185177590.7023067068452253',)]
(Background on this error at: https://sqlalche.me/e/20/e3q8)
2025-06-29 13:00:35,448 - INFO - 127.0.0.1 - - [29/Jun/2025 13:00:35] "[35m[1mPOST /api/chat HTTP/1.1[0m" 500 -
2025-06-29 13:03:59,650 - WARNING - ×–×•×”×ª×” ×©×’×™××ª ×¡×›××” ×‘×‘×¡×™×¡ ×”× ×ª×•× ×™×: ×¢××•×“×” ×—×¡×¨×” 'website_link' ×‘×˜×‘×œ×” 'parent'
2025-06-29 13:03:59,651 - WARNING - ğŸš¨ ××•×—×§ ××ª ×‘×¡×™×¡ ×”× ×ª×•× ×™× ×”×™×©×Ÿ ×›×“×™ ×œ×™×¦×•×¨ ××—×“ ×—×“×© ×•×ª×§×™×Ÿ...
2025-06-29 13:03:59,655 - INFO - âœ… ×‘×¡×™×¡ ×”× ×ª×•× ×™× ×”×™×©×Ÿ × ××—×§ ×‘×”×¦×œ×—×”.
2025-06-29 13:03:59,891 - INFO - [31m[1mWARNING: This is a development server. Do not use it in a production deployment. Use a production WSGI server instead.[0m
 * Running on all addresses (0.0.0.0)
 * Running on http://127.0.0.1:5000
 * Running on http://10.100.102.10:5000
2025-06-29 13:03:59,891 - INFO - [33mPress CTRL+C to quit[0m
2025-06-29 13:05:08,736 - INFO - 127.0.0.1 - - [29/Jun/2025 13:05:08] "GET / HTTP/1.1" 200 -
2025-06-29 13:05:09,102 - INFO - 127.0.0.1 - - [29/Jun/2025 13:05:09] "[36mGET /widget.js HTTP/1.1[0m" 304 -
2025-06-29 13:06:44,397 - INFO - 127.0.0.1 - - [29/Jun/2025 13:06:44] "[33mPOST /api/chat HTTP/1.1[0m" 404 -
2025-06-29 13:07:01,103 - INFO - 127.0.0.1 - - [29/Jun/2025 13:07:01] "[33mPOST /api/chat HTTP/1.1[0m" 404 -
2025-06-29 13:07:06,231 - INFO - 127.0.0.1 - - [29/Jun/2025 13:07:06] "[33mPOST /api/chat HTTP/1.1[0m" 404 -
2025-06-29 13:10:25,634 - INFO - âœ… ×¡×›××ª ×‘×¡×™×¡ ×”× ×ª×•× ×™× ×ª×§×™× ×” ×•××¢×•×“×›× ×ª.
2025-06-29 13:10:25,684 - INFO - [31m[1mWARNING: This is a development server. Do not use it in a production deployment. Use a production WSGI server instead.[0m
 * Running on all addresses (0.0.0.0)
 * Running on http://127.0.0.1:5000
 * Running on http://10.100.102.10:5000
2025-06-29 13:10:25,685 - INFO - [33mPress CTRL+C to quit[0m
2025-06-29 13:10:25,688 - INFO -  * Restarting with stat
2025-06-29 13:10:27,096 - INFO - âœ… ×¡×›××ª ×‘×¡×™×¡ ×”× ×ª×•× ×™× ×ª×§×™× ×” ×•××¢×•×“×›× ×ª.
2025-06-29 13:10:27,119 - WARNING -  * Debugger is active!
2025-06-29 13:10:27,122 - INFO -  * Debugger PIN: 867-280-254
2025-06-29 13:10:48,082 - INFO - 127.0.0.1 - - [29/Jun/2025 13:10:48] "GET / HTTP/1.1" 200 -
2025-06-29 13:10:48,250 - INFO - 127.0.0.1 - - [29/Jun/2025 13:10:48] "[36mGET /widget.js HTTP/1.1[0m" 304 -
2025-06-29 13:11:21,504 - INFO - 127.0.0.1 - - [29/Jun/2025 13:11:21] "[33mPOST /api/chat HTTP/1.1[0m" 404 -
2025-06-29 13:42:33,320 - INFO - âœ… ××•×“×œ Gemini ×”×•×’×“×¨ ×‘×”×¦×œ×—×”.
2025-06-29 13:42:33,383 - INFO - [31m[1mWARNING: This is a development server. Do not use it in a production deployment. Use a production WSGI server instead.[0m
 * Running on all addresses (0.0.0.0)
 * Running on http://127.0.0.1:5000
 * Running on http://10.100.102.10:5000
2025-06-29 13:42:33,384 - INFO - [33mPress CTRL+C to quit[0m
2025-06-29 13:42:33,386 - INFO -  * Restarting with stat
2025-06-29 13:42:34,607 - INFO - âœ… ××•×“×œ Gemini ×”×•×’×“×¨ ×‘×”×¦×œ×—×”.
2025-06-29 13:42:34,622 - WARNING -  * Debugger is active!
2025-06-29 13:42:34,625 - INFO -  * Debugger PIN: 867-280-254
2025-06-29 13:42:55,549 - INFO - 127.0.0.1 - - [29/Jun/2025 13:42:55] "GET / HTTP/1.1" 200 -
2025-06-29 13:42:55,931 - INFO - 127.0.0.1 - - [29/Jun/2025 13:42:55] "GET /widget.js HTTP/1.1" 200 -
2025-06-29 13:43:03,640 - INFO - 127.0.0.1 - - [29/Jun/2025 13:43:03] "[33mPOST /api/generate-reflection HTTP/1.1[0m" 404 -
2025-06-29 13:43:08,777 - INFO - 127.0.0.1 - - [29/Jun/2025 13:43:08] "GET /dashboard HTTP/1.1" 200 -
2025-06-29 13:43:08,935 - INFO - 127.0.0.1 - - [29/Jun/2025 13:43:08] "[33mGET /api/dashboard-data?session_id=session_17509185177590.7023067068452253 HTTP/1.1[0m" 404 -
2025-06-29 13:43:11,281 - INFO - 127.0.0.1 - - [29/Jun/2025 13:43:11] "GET / HTTP/1.1" 200 -
2025-06-29 13:43:11,319 - INFO - 127.0.0.1 - - [29/Jun/2025 13:43:11] "[36mGET /widget.js HTTP/1.1[0m" 304 -
2025-06-29 13:43:29,463 - INFO - 127.0.0.1 - - [29/Jun/2025 13:43:29] "[33mPOST /api/chat HTTP/1.1[0m" 404 -
2025-06-29 13:43:38,774 - INFO - 127.0.0.1 - - [29/Jun/2025 13:43:38] "[33mPOST /api/chat HTTP/1.1[0m" 404 -
2025-06-29 13:46:00,588 - INFO - âœ… ××•×“×œ Gemini ×”×•×’×“×¨ ×‘×”×¦×œ×—×”.
2025-06-29 13:46:00,632 - INFO - [31m[1mWARNING: This is a development server. Do not use it in a production deployment. Use a production WSGI server instead.[0m
 * Running on all addresses (0.0.0.0)
 * Running on http://127.0.0.1:5000
 * Running on http://10.100.102.10:5000
2025-06-29 13:46:00,632 - INFO - [33mPress CTRL+C to quit[0m
2025-06-29 13:46:00,635 - INFO -  * Restarting with stat
2025-06-29 13:46:01,964 - INFO - âœ… ××•×“×œ Gemini ×”×•×’×“×¨ ×‘×”×¦×œ×—×”.
2025-06-29 13:46:01,974 - WARNING -  * Debugger is active!
2025-06-29 13:46:01,980 - INFO -  * Debugger PIN: 867-280-254
2025-06-29 13:46:14,256 - INFO - 127.0.0.1 - - [29/Jun/2025 13:46:14] "GET / HTTP/1.1" 200 -
2025-06-29 13:46:14,408 - INFO - 127.0.0.1 - - [29/Jun/2025 13:46:14] "[36mGET /widget.js HTTP/1.1[0m" 304 -
2025-06-29 13:46:19,679 - INFO - 127.0.0.1 - - [29/Jun/2025 13:46:19] "GET /dashboard HTTP/1.1" 200 -
2025-06-29 13:46:19,852 - INFO - 127.0.0.1 - - [29/Jun/2025 13:46:19] "[33mGET /api/dashboard-data?session_id=session_17509185177590.7023067068452253 HTTP/1.1[0m" 404 -
2025-06-29 13:46:22,503 - INFO - 127.0.0.1 - - [29/Jun/2025 13:46:22] "GET / HTTP/1.1" 200 -
2025-06-29 13:46:22,544 - INFO - 127.0.0.1 - - [29/Jun/2025 13:46:22] "[36mGET /widget.js HTTP/1.1[0m" 304 -
2025-06-29 13:48:20,990 - INFO - 127.0.0.1 - - [29/Jun/2025 13:48:20] "[33mPOST /api/chat HTTP/1.1[0m" 404 -
2025-06-29 13:54:51,485 - INFO - âœ… ××•×“×œ Gemini ×”×•×’×“×¨ ×‘×”×¦×œ×—×”.
2025-06-29 13:54:51,519 - INFO - [31m[1mWARNING: This is a development server. Do not use it in a production deployment. Use a production WSGI server instead.[0m
 * Running on all addresses (0.0.0.0)
 * Running on http://127.0.0.1:5000
 * Running on http://10.100.102.10:5000
2025-06-29 13:54:51,519 - INFO - [33mPress CTRL+C to quit[0m
2025-06-29 13:54:51,521 - INFO -  * Restarting with stat
2025-06-29 13:54:52,863 - INFO - âœ… ××•×“×œ Gemini ×”×•×’×“×¨ ×‘×”×¦×œ×—×”.
2025-06-29 13:54:52,876 - WARNING -  * Debugger is active!
2025-06-29 13:54:52,879 - INFO -  * Debugger PIN: 867-280-254
2025-06-29 13:55:04,375 - INFO - 127.0.0.1 - - [29/Jun/2025 13:55:04] "GET / HTTP/1.1" 200 -
2025-06-29 13:55:04,534 - INFO - 127.0.0.1 - - [29/Jun/2025 13:55:04] "GET /widget.js?v=2.0 HTTP/1.1" 200 -
2025-06-29 13:56:44,239 - INFO - 127.0.0.1 - - [29/Jun/2025 13:56:44] "GET / HTTP/1.1" 200 -
2025-06-29 13:56:44,321 - INFO - 127.0.0.1 - - [29/Jun/2025 13:56:44] "[36mGET /widget.js?v=2.0 HTTP/1.1[0m" 304 -
2025-06-29 13:56:51,533 - INFO - 127.0.0.1 - - [29/Jun/2025 13:56:51] "[33mGET /.well-known/appspecific/com.chrome.devtools.json HTTP/1.1[0m" 404 -
2025-06-29 13:58:59,327 - INFO - âœ… ××•×“×œ Gemini ×”×•×’×“×¨ ×‘×”×¦×œ×—×”.
2025-06-29 13:58:59,364 - INFO - [31m[1mWARNING: This is a development server. Do not use it in a production deployment. Use a production WSGI server instead.[0m
 * Running on all addresses (0.0.0.0)
 * Running on http://127.0.0.1:5000
 * Running on http://10.100.102.10:5000
2025-06-29 13:58:59,364 - INFO - [33mPress CTRL+C to quit[0m
2025-06-29 13:58:59,367 - INFO -  * Restarting with stat
2025-06-29 13:59:00,663 - INFO - âœ… ××•×“×œ Gemini ×”×•×’×“×¨ ×‘×”×¦×œ×—×”.
2025-06-29 13:59:00,675 - WARNING -  * Debugger is active!
2025-06-29 13:59:00,678 - INFO -  * Debugger PIN: 867-280-254
2025-06-29 13:59:10,619 - INFO - 127.0.0.1 - - [29/Jun/2025 13:59:10] "GET / HTTP/1.1" 200 -
2025-06-29 13:59:10,971 - INFO - 127.0.0.1 - - [29/Jun/2025 13:59:10] "GET /widget.js?v=2.0 HTTP/1.1" 200 -
2025-06-29 14:01:18,426 - INFO - âœ… ××•×“×œ Gemini ×”×•×’×“×¨ ×‘×”×¦×œ×—×”.
2025-06-29 14:01:18,450 - INFO - [31m[1mWARNING: This is a development server. Do not use it in a production deployment. Use a production WSGI server instead.[0m
 * Running on all addresses (0.0.0.0)
 * Running on http://127.0.0.1:5000
 * Running on http://10.100.102.10:5000
2025-06-29 14:01:18,451 - INFO - [33mPress CTRL+C to quit[0m
2025-06-29 14:01:18,452 - INFO -  * Restarting with stat
2025-06-29 14:01:19,765 - INFO - âœ… ××•×“×œ Gemini ×”×•×’×“×¨ ×‘×”×¦×œ×—×”.
2025-06-29 14:01:19,777 - WARNING -  * Debugger is active!
2025-06-29 14:01:19,779 - INFO -  * Debugger PIN: 867-280-254
2025-06-29 14:01:32,977 - INFO - 127.0.0.1 - - [29/Jun/2025 14:01:32] "GET / HTTP/1.1" 200 -
2025-06-29 14:01:33,120 - INFO - 127.0.0.1 - - [29/Jun/2025 14:01:33] "GET /widget.js?v=2.0 HTTP/1.1" 200 -
2025-06-29 14:06:28,229 - INFO - âœ… ××•×“×œ Gemini ×”×•×’×“×¨ ×‘×”×¦×œ×—×”.
2025-06-29 14:06:28,493 - INFO - [31m[1mWARNING: This is a development server. Do not use it in a production deployment. Use a production WSGI server instead.[0m
 * Running on all addresses (0.0.0.0)
 * Running on http://127.0.0.1:5000
 * Running on http://10.100.102.10:5000
2025-06-29 14:06:28,496 - INFO - [33mPress CTRL+C to quit[0m
2025-06-29 14:06:28,509 - INFO -  * Restarting with stat
2025-06-29 14:06:32,311 - INFO - âœ… ××•×“×œ Gemini ×”×•×’×“×¨ ×‘×”×¦×œ×—×”.
2025-06-29 14:06:32,377 - WARNING -  * Debugger is active!
2025-06-29 14:06:32,390 - INFO -  * Debugger PIN: 867-280-254
2025-06-29 14:06:41,223 - INFO - 127.0.0.1 - - [29/Jun/2025 14:06:41] "GET / HTTP/1.1" 200 -
2025-06-29 14:06:42,067 - INFO - 127.0.0.1 - - [29/Jun/2025 14:06:42] "GET /widget.js?v=2.0 HTTP/1.1" 200 -
2025-06-29 16:28:23,751 - INFO - âœ… ××•×“×œ Gemini ×”×•×’×“×¨ ×‘×”×¦×œ×—×”.
2025-06-29 16:28:23,802 - INFO - [31m[1mWARNING: This is a development server. Do not use it in a production deployment. Use a production WSGI server instead.[0m
 * Running on all addresses (0.0.0.0)
 * Running on http://127.0.0.1:5000
 * Running on http://10.100.102.10:5000
2025-06-29 16:28:23,802 - INFO - [33mPress CTRL+C to quit[0m
2025-06-29 16:28:23,804 - INFO -  * Restarting with stat
2025-06-29 16:28:25,089 - INFO - âœ… ××•×“×œ Gemini ×”×•×’×“×¨ ×‘×”×¦×œ×—×”.
2025-06-29 16:28:25,100 - WARNING -  * Debugger is active!
2025-06-29 16:28:25,105 - INFO -  * Debugger PIN: 867-280-254
2025-06-29 16:28:39,709 - INFO - 127.0.0.1 - - [29/Jun/2025 16:28:39] "GET / HTTP/1.1" 200 -
2025-06-29 16:28:40,048 - INFO - 127.0.0.1 - - [29/Jun/2025 16:28:40] "GET /widget.js?v=2.0 HTTP/1.1" 200 -
2025-06-29 16:28:50,517 - INFO - 127.0.0.1 - - [29/Jun/2025 16:28:50] "[33mGET /.well-known/appspecific/com.chrome.devtools.json HTTP/1.1[0m" 404 -
2025-06-29 16:33:57,305 - INFO - âœ… ××•×“×œ Gemini ×”×•×’×“×¨ ×‘×”×¦×œ×—×”.
2025-06-29 16:33:57,332 - INFO - [31m[1mWARNING: This is a development server. Do not use it in a production deployment. Use a production WSGI server instead.[0m
 * Running on all addresses (0.0.0.0)
 * Running on http://127.0.0.1:5000
 * Running on http://10.100.102.10:5000
2025-06-29 16:33:57,333 - INFO - [33mPress CTRL+C to quit[0m
2025-06-29 16:33:57,335 - INFO -  * Restarting with stat
2025-06-29 16:33:58,600 - INFO - âœ… ××•×“×œ Gemini ×”×•×’×“×¨ ×‘×”×¦×œ×—×”.
2025-06-29 16:33:58,609 - WARNING -  * Debugger is active!
2025-06-29 16:33:58,611 - INFO -  * Debugger PIN: 867-280-254
2025-06-29 16:34:14,185 - INFO - 127.0.0.1 - - [29/Jun/2025 16:34:14] "GET / HTTP/1.1" 200 -
2025-06-29 16:34:14,642 - INFO - 127.0.0.1 - - [29/Jun/2025 16:34:14] "GET /widget.js?v=2.0 HTTP/1.1" 200 -
2025-06-29 16:35:05,556 - INFO - 127.0.0.1 - - [29/Jun/2025 16:35:05] "GET / HTTP/1.1" 200 -
2025-06-29 16:35:05,675 - INFO - 127.0.0.1 - - [29/Jun/2025 16:35:05] "[36mGET /widget.js?v=2.0 HTTP/1.1[0m" 304 -
2025-06-29 16:35:15,681 - INFO - 127.0.0.1 - - [29/Jun/2025 16:35:15] "[33mGET /.well-known/appspecific/com.chrome.devtools.json HTTP/1.1[0m" 404 -
2025-06-29 16:42:57,043 - INFO -  * Detected change in 'C:\\Users\\ori\\Desktop\\yonatan-bot\\app.py', reloading
2025-06-29 16:42:57,912 - INFO -  * Restarting with stat
2025-06-29 16:42:59,946 - INFO - âœ… ××•×“×œ Gemini ×”×•×’×“×¨ ×‘×”×¦×œ×—×”.
2025-06-29 16:42:59,968 - WARNING -  * Debugger is active!
2025-06-29 16:42:59,975 - INFO -  * Debugger PIN: 867-280-254
2025-06-29 16:43:22,012 - INFO - âœ… ××•×“×œ Gemini ×”×•×’×“×¨ ×‘×”×¦×œ×—×”.
2025-06-29 16:43:22,041 - INFO - [31m[1mWARNING: This is a development server. Do not use it in a production deployment. Use a production WSGI server instead.[0m
 * Running on all addresses (0.0.0.0)
 * Running on http://127.0.0.1:5000
 * Running on http://10.100.102.10:5000
2025-06-29 16:43:22,041 - INFO - [33mPress CTRL+C to quit[0m
2025-06-29 16:43:22,043 - INFO -  * Restarting with stat
2025-06-29 16:43:23,425 - INFO - âœ… ××•×“×œ Gemini ×”×•×’×“×¨ ×‘×”×¦×œ×—×”.
2025-06-29 16:43:23,435 - WARNING -  * Debugger is active!
2025-06-29 16:43:23,438 - INFO -  * Debugger PIN: 867-280-254
2025-06-29 16:43:45,232 - INFO - 127.0.0.1 - - [29/Jun/2025 16:43:45] "GET / HTTP/1.1" 200 -
2025-06-29 16:43:45,378 - INFO - 127.0.0.1 - - [29/Jun/2025 16:43:45] "[36mGET /widget.js?v=2.0 HTTP/1.1[0m" 304 -
2025-06-29 16:46:34,192 - INFO - ×¡×›××ª ×‘×¡×™×¡ ×”× ×ª×•× ×™× × ×¨××™×ª ×ª×§×™× ×”.
2025-06-29 16:46:34,204 - INFO - âœ… ××•×“×œ Gemini ×”×•×’×“×¨ ×‘×”×¦×œ×—×”.
2025-06-29 16:46:34,231 - INFO - [31m[1mWARNING: This is a development server. Do not use it in a production deployment. Use a production WSGI server instead.[0m
 * Running on all addresses (0.0.0.0)
 * Running on http://127.0.0.1:5000
 * Running on http://10.100.102.10:5000
2025-06-29 16:46:34,232 - INFO - [33mPress CTRL+C to quit[0m
2025-06-29 16:46:34,233 - INFO -  * Restarting with stat
2025-06-29 16:46:35,461 - INFO - ×¡×›××ª ×‘×¡×™×¡ ×”× ×ª×•× ×™× × ×¨××™×ª ×ª×§×™× ×”.
2025-06-29 16:46:35,472 - INFO - âœ… ××•×“×œ Gemini ×”×•×’×“×¨ ×‘×”×¦×œ×—×”.
2025-06-29 16:46:35,484 - WARNING -  * Debugger is active!
2025-06-29 16:46:35,486 - INFO -  * Debugger PIN: 867-280-254
2025-06-29 16:46:44,751 - INFO - 127.0.0.1 - - [29/Jun/2025 16:46:44] "GET / HTTP/1.1" 200 -
2025-06-29 16:46:44,889 - INFO - 127.0.0.1 - - [29/Jun/2025 16:46:44] "[36mGET /widget.js?v=2.0 HTTP/1.1[0m" 304 -
2025-06-29 16:49:44,214 - INFO - ×¡×›××ª ×‘×¡×™×¡ ×”× ×ª×•× ×™× × ×¨××™×ª ×ª×§×™× ×”.
2025-06-29 16:49:44,289 - INFO - âœ… ××•×“×œ Gemini ×”×•×’×“×¨ ×‘×”×¦×œ×—×”.
2025-06-29 16:49:44,371 - INFO - [31m[1mWARNING: This is a development server. Do not use it in a production deployment. Use a production WSGI server instead.[0m
 * Running on all addresses (0.0.0.0)
 * Running on http://127.0.0.1:5000
 * Running on http://10.100.102.10:5000
2025-06-29 16:49:44,372 - INFO - [33mPress CTRL+C to quit[0m
2025-06-29 16:49:44,378 - INFO -  * Restarting with stat
2025-06-29 16:49:45,723 - INFO - ×¡×›××ª ×‘×¡×™×¡ ×”× ×ª×•× ×™× × ×¨××™×ª ×ª×§×™× ×”.
2025-06-29 16:49:45,733 - INFO - âœ… ××•×“×œ Gemini ×”×•×’×“×¨ ×‘×”×¦×œ×—×”.
2025-06-29 16:49:45,745 - WARNING -  * Debugger is active!
2025-06-29 16:49:45,746 - INFO -  * Debugger PIN: 867-280-254
2025-06-29 16:49:57,068 - INFO - 127.0.0.1 - - [29/Jun/2025 16:49:57] "GET / HTTP/1.1" 200 -
2025-06-29 16:49:57,262 - INFO - 127.0.0.1 - - [29/Jun/2025 16:49:57] "GET /widget.js?v=4.0 HTTP/1.1" 200 -
2025-06-29 16:50:01,159 - INFO - 127.0.0.1 - - [29/Jun/2025 16:50:01] "GET /dashboard HTTP/1.1" 200 -
2025-06-29 16:50:01,253 - INFO - 127.0.0.1 - - [29/Jun/2025 16:50:01] "[33mGET /api/dashboard-data?session_id=session_17509185177590.7023067068452253 HTTP/1.1[0m" 404 -
2025-06-29 16:50:03,598 - INFO - 127.0.0.1 - - [29/Jun/2025 16:50:03] "GET / HTTP/1.1" 200 -
2025-06-29 16:50:03,638 - INFO - 127.0.0.1 - - [29/Jun/2025 16:50:03] "[36mGET /widget.js?v=4.0 HTTP/1.1[0m" 304 -
2025-06-29 16:50:16,772 - INFO - ×¤×¨×˜×™ ××©×ª××© session_1751205008420_0.7761097083797839 × ×©××¨×•/×¢×•×“×›× ×•.
2025-06-29 16:50:16,780 - INFO - 127.0.0.1 - - [29/Jun/2025 16:50:16] "POST /api/user-details HTTP/1.1" 200 -
2025-06-29 16:50:16,798 - INFO - 127.0.0.1 - - [29/Jun/2025 16:50:16] "GET /api/children?session_id=session_1751205008420_0.7761097083797839 HTTP/1.1" 200 -
2025-06-29 16:50:23,740 - INFO - ×™×œ×“ ×—×“×© '××™×›××œ' × ×•×¡×£ ×¢×‘×•×¨ ××©×ª××© session_1751205008420_0.7761097083797839.
2025-06-29 16:50:23,744 - INFO - 127.0.0.1 - - [29/Jun/2025 16:50:23] "POST /api/children HTTP/1.1" 200 -
2025-06-29 16:50:36,646 - INFO - 127.0.0.1 - - [29/Jun/2025 16:50:36] "[35m[1mPOST /api/chat HTTP/1.1[0m" 500 -
2025-06-29 16:50:42,181 - INFO - 127.0.0.1 - - [29/Jun/2025 16:50:42] "[35m[1mPOST /api/chat HTTP/1.1[0m" 500 -
2025-06-29 16:50:48,481 - INFO - 127.0.0.1 - - [29/Jun/2025 16:50:48] "[35m[1mPOST /api/chat HTTP/1.1[0m" 500 -
2025-06-29 16:54:03,185 - WARNING - ×–×•×”×ª×” ×¡×›××” ×™×©× ×”: ×—×¡×¨×” ×”×¢××•×“×” 'child_id' ×‘×˜×‘×œ×ª 'conversation'.
2025-06-29 16:54:03,188 - WARNING - ××•×—×§ ××ª ×‘×¡×™×¡ ×”× ×ª×•× ×™× ×”×™×©×Ÿ/×”×¤×’×•× ×›×“×™ ×œ×™×¦×•×¨ ××•×ª×• ××—×“×©.
2025-06-29 16:54:03,190 - INFO - ×‘×¡×™×¡ ×”× ×ª×•× ×™× 'C:\Users\ori\Desktop\yonatan-bot\data\yonatan.db' × ××—×§ ×‘×”×¦×œ×—×”.
2025-06-29 16:54:03,230 - INFO - âœ… ××•×“×œ Gemini ×”×•×’×“×¨ ×‘×”×¦×œ×—×”.
2025-06-29 16:54:03,367 - INFO - [31m[1mWARNING: This is a development server. Do not use it in a production deployment. Use a production WSGI server instead.[0m
 * Running on all addresses (0.0.0.0)
 * Running on http://127.0.0.1:5000
 * Running on http://10.100.102.10:5000
2025-06-29 16:54:03,368 - INFO - [33mPress CTRL+C to quit[0m
2025-06-29 16:54:03,372 - INFO -  * Restarting with stat
2025-06-29 16:54:04,720 - INFO - âœ… ××•×“×œ Gemini ×”×•×’×“×¨ ×‘×”×¦×œ×—×”.
2025-06-29 16:54:04,732 - WARNING -  * Debugger is active!
2025-06-29 16:54:04,735 - INFO -  * Debugger PIN: 867-280-254
2025-06-29 16:54:16,382 - INFO - 127.0.0.1 - - [29/Jun/2025 16:54:16] "GET / HTTP/1.1" 200 -
2025-06-29 16:54:16,536 - INFO - 127.0.0.1 - - [29/Jun/2025 16:54:16] "[36mGET /widget.js?v=4.0 HTTP/1.1[0m" 304 -
2025-06-29 16:54:25,959 - INFO - 127.0.0.1 - - [29/Jun/2025 16:54:25] "GET /api/children?session_id=session_1751205008420_0.7761097083797839 HTTP/1.1" 200 -
2025-06-29 16:54:36,271 - INFO - 127.0.0.1 - - [29/Jun/2025 16:54:36] "[33mPOST /api/children HTTP/1.1[0m" 404 -
2025-06-29 16:54:40,404 - INFO - 127.0.0.1 - - [29/Jun/2025 16:54:40] "GET /api/children?session_id=session_1751205008420_0.7761097083797839 HTTP/1.1" 200 -
2025-06-29 16:54:49,502 - INFO - 127.0.0.1 - - [29/Jun/2025 16:54:49] "[33mPOST /api/children HTTP/1.1[0m" 404 -
2025-06-29 16:54:56,027 - INFO - 127.0.0.1 - - [29/Jun/2025 16:54:56] "GET /api/children?session_id=session_1751205008420_0.7761097083797839 HTTP/1.1" 200 -
2025-06-29 16:55:03,712 - INFO - 127.0.0.1 - - [29/Jun/2025 16:55:03] "[33mPOST /api/children HTTP/1.1[0m" 404 -
2025-06-29 16:55:11,236 - INFO - 127.0.0.1 - - [29/Jun/2025 16:55:11] "[35m[1mPOST /api/chat HTTP/1.1[0m" 500 -
2025-06-29 16:57:19,145 - INFO - 127.0.0.1 - - [29/Jun/2025 16:57:19] "GET /dashboard HTTP/1.1" 200 -
2025-06-29 16:57:19,350 - INFO - 127.0.0.1 - - [29/Jun/2025 16:57:19] "[33mGET /api/dashboard-data?session_id=session_1751205008420_0.7761097083797839 HTTP/1.1[0m" 404 -
2025-06-29 16:57:20,892 - INFO - 127.0.0.1 - - [29/Jun/2025 16:57:20] "GET / HTTP/1.1" 200 -
2025-06-29 16:57:20,936 - INFO - 127.0.0.1 - - [29/Jun/2025 16:57:20] "[36mGET /widget.js?v=4.0 HTTP/1.1[0m" 304 -
2025-06-29 17:03:23,805 - INFO - âœ… Gemini model configured.
2025-06-29 17:03:23,845 - INFO - [31m[1mWARNING: This is a development server. Do not use it in a production deployment. Use a production WSGI server instead.[0m
 * Running on all addresses (0.0.0.0)
 * Running on http://127.0.0.1:5000
 * Running on http://10.100.102.10:5000
2025-06-29 17:03:23,847 - INFO - [33mPress CTRL+C to quit[0m
2025-06-29 17:03:23,851 - INFO -  * Restarting with stat
2025-06-29 17:03:25,136 - INFO - âœ… Gemini model configured.
2025-06-29 17:03:25,146 - WARNING -  * Debugger is active!
2025-06-29 17:03:25,150 - INFO -  * Debugger PIN: 867-280-254
2025-06-29 17:03:43,710 - INFO - 127.0.0.1 - - [29/Jun/2025 17:03:43] "GET / HTTP/1.1" 200 -
2025-06-29 17:03:43,989 - INFO - 127.0.0.1 - - [29/Jun/2025 17:03:43] "GET /widget.js?v=4.0 HTTP/1.1" 200 -
2025-06-29 17:03:47,611 - INFO - 127.0.0.1 - - [29/Jun/2025 17:03:47] "GET /dashboard HTTP/1.1" 200 -
2025-06-29 17:03:47,740 - INFO - 127.0.0.1 - - [29/Jun/2025 17:03:47] "[33mGET /api/dashboard-data?session_id=session_1751205008420_0.7761097083797839 HTTP/1.1[0m" 404 -
2025-06-29 17:03:53,477 - INFO - 127.0.0.1 - - [29/Jun/2025 17:03:53] "GET / HTTP/1.1" 200 -
2025-06-29 17:03:53,532 - INFO - 127.0.0.1 - - [29/Jun/2025 17:03:53] "[36mGET /widget.js?v=4.0 HTTP/1.1[0m" 304 -
2025-06-29 17:04:07,311 - INFO - 127.0.0.1 - - [29/Jun/2025 17:04:07] "[33mGET /api/children?session_id=session_1751205008420_0.7761097083797839 HTTP/1.1[0m" 404 -
2025-06-29 17:04:09,906 - INFO - 127.0.0.1 - - [29/Jun/2025 17:04:09] "GET / HTTP/1.1" 200 -
2025-06-29 17:04:09,932 - INFO - 127.0.0.1 - - [29/Jun/2025 17:04:09] "[36mGET /widget.js?v=4.0 HTTP/1.1[0m" 304 -
2025-06-29 17:04:12,855 - INFO - 127.0.0.1 - - [29/Jun/2025 17:04:12] "[33mGET /api/children?session_id=session_1751205008420_0.7761097083797839 HTTP/1.1[0m" 404 -
2025-06-29 17:06:31,813 - INFO -  * Detected change in 'C:\\Users\\ori\\Desktop\\yonatan-bot\\app.py', reloading
2025-06-29 17:06:32,609 - INFO -  * Restarting with stat
2025-06-29 17:06:35,047 - INFO - âœ… Gemini model configured.
2025-06-29 17:06:35,065 - WARNING -  * Debugger is active!
2025-06-29 17:06:35,070 - INFO -  * Debugger PIN: 867-280-254
2025-06-29 17:06:43,240 - INFO - 127.0.0.1 - - [29/Jun/2025 17:06:43] "GET / HTTP/1.1" 200 -
2025-06-29 17:06:43,372 - INFO - 127.0.0.1 - - [29/Jun/2025 17:06:43] "[36mGET /widget.js?v=4.0 HTTP/1.1[0m" 304 -
2025-06-29 17:06:46,164 - INFO - 127.0.0.1 - - [29/Jun/2025 17:06:46] "[33mGET /api/children?session_id=session_1751205008420_0.7761097083797839 HTTP/1.1[0m" 404 -
2025-06-29 17:06:48,543 - INFO - 127.0.0.1 - - [29/Jun/2025 17:06:48] "GET / HTTP/1.1" 200 -
2025-06-29 17:06:48,561 - INFO - 127.0.0.1 - - [29/Jun/2025 17:06:48] "[36mGET /widget.js?v=4.0 HTTP/1.1[0m" 304 -
2025-06-29 17:07:08,286 - INFO - âœ… Gemini model configured.
2025-06-29 17:07:08,317 - INFO - [31m[1mWARNING: This is a development server. Do not use it in a production deployment. Use a production WSGI server instead.[0m
 * Running on all addresses (0.0.0.0)
 * Running on http://127.0.0.1:5000
 * Running on http://10.100.102.10:5000
2025-06-29 17:07:08,318 - INFO - [33mPress CTRL+C to quit[0m
2025-06-29 17:07:08,320 - INFO -  * Restarting with stat
2025-06-29 17:07:09,594 - INFO - âœ… Gemini model configured.
2025-06-29 17:07:09,607 - WARNING -  * Debugger is active!
2025-06-29 17:07:09,609 - INFO -  * Debugger PIN: 867-280-254
2025-06-29 17:07:22,977 - INFO - 127.0.0.1 - - [29/Jun/2025 17:07:22] "GET / HTTP/1.1" 200 -
2025-06-29 17:07:23,098 - INFO - 127.0.0.1 - - [29/Jun/2025 17:07:23] "[36mGET /widget.js?v=4.0 HTTP/1.1[0m" 304 -
2025-06-29 17:07:25,155 - INFO - 127.0.0.1 - - [29/Jun/2025 17:07:25] "[33mGET /api/children?session_id=session_1751205008420_0.7761097083797839 HTTP/1.1[0m" 404 -
2025-06-29 17:07:37,406 - INFO - 127.0.0.1 - - [29/Jun/2025 17:07:37] "POST /api/user-details HTTP/1.1" 200 -
2025-06-29 17:07:37,423 - INFO - 127.0.0.1 - - [29/Jun/2025 17:07:37] "GET /api/children?session_id=session_1751206048679_0.804392472430456 HTTP/1.1" 200 -
2025-06-29 17:07:43,865 - INFO - 127.0.0.1 - - [29/Jun/2025 17:07:43] "POST /api/children HTTP/1.1" 200 -
2025-06-29 17:07:43,882 - INFO - 127.0.0.1 - - [29/Jun/2025 17:07:43] "GET /api/children?session_id=session_1751206048679_0.804392472430456 HTTP/1.1" 200 -
2025-06-29 17:08:10,113 - INFO - 127.0.0.1 - - [29/Jun/2025 17:08:10] "[35m[1mPOST /api/chat HTTP/1.1[0m" 500 -
2025-06-29 17:10:37,440 - INFO -  * Detected change in 'C:\\Users\\ori\\Desktop\\yonatan-bot\\app.py', reloading
2025-06-29 17:10:38,365 - INFO -  * Restarting with stat
2025-06-29 17:10:40,458 - WARNING - ×¡×›××” ×™×©× ×” ×–×•×”×ª×”: ×¢××•×“×” ×—×¡×¨×” 'conversation_id' ×‘×˜×‘×œ×” 'reflection'.
2025-06-29 17:10:40,460 - WARNING - ××•×—×§ ××ª ×‘×¡×™×¡ ×”× ×ª×•× ×™× ×”×™×©×Ÿ/×”×¤×’×•× ×›×“×™ ×œ×™×¦×•×¨ ××•×ª×• ××—×“×©.
2025-06-29 17:10:40,461 - ERROR - ×©×’×™××” ×‘××—×™×§×ª ×§×•×‘×¥ ×‘×¡×™×¡ ×”× ×ª×•× ×™×: [WinError 32] The process cannot access the file because it is being used by another process: 'C:\\Users\\ori\\Desktop\\yonatan-bot\\data\\yonatan.db'
2025-06-29 17:10:40,477 - INFO - âœ… Gemini model configured.
2025-06-29 17:10:40,491 - WARNING -  * Debugger is active!
2025-06-29 17:10:40,495 - INFO -  * Debugger PIN: 867-280-254
2025-06-29 17:10:56,843 - WARNING - ×¡×›××” ×™×©× ×” ×–×•×”×ª×”: ×¢××•×“×” ×—×¡×¨×” 'conversation_id' ×‘×˜×‘×œ×” 'reflection'.
2025-06-29 17:10:56,843 - WARNING - ××•×—×§ ××ª ×‘×¡×™×¡ ×”× ×ª×•× ×™× ×”×™×©×Ÿ/×”×¤×’×•× ×›×“×™ ×œ×™×¦×•×¨ ××•×ª×• ××—×“×©.
2025-06-29 17:10:56,844 - INFO - ×‘×¡×™×¡ ×”× ×ª×•× ×™× 'C:\Users\ori\Desktop\yonatan-bot\data\yonatan.db' × ××—×§ ×‘×”×¦×œ×—×”.
2025-06-29 17:10:56,853 - INFO - âœ… Gemini model configured.
2025-06-29 17:10:56,909 - INFO - [31m[1mWARNING: This is a development server. Do not use it in a production deployment. Use a production WSGI server instead.[0m
 * Running on all addresses (0.0.0.0)
 * Running on http://127.0.0.1:5000
 * Running on http://10.100.102.10:5000
2025-06-29 17:10:56,909 - INFO - [33mPress CTRL+C to quit[0m
2025-06-29 17:10:56,910 - INFO -  * Restarting with stat
2025-06-29 17:10:58,162 - INFO - âœ… Gemini model configured.
2025-06-29 17:10:58,171 - WARNING -  * Debugger is active!
2025-06-29 17:10:58,173 - INFO -  * Debugger PIN: 867-280-254
2025-06-29 17:11:17,114 - INFO - 127.0.0.1 - - [29/Jun/2025 17:11:17] "GET / HTTP/1.1" 200 -
2025-06-29 17:11:17,351 - INFO - 127.0.0.1 - - [29/Jun/2025 17:11:17] "[36mGET /widget.js?v=4.0 HTTP/1.1[0m" 304 -
2025-06-29 17:11:20,435 - INFO - 127.0.0.1 - - [29/Jun/2025 17:11:20] "[33mGET /api/children?session_id=session_1751206048679_0.804392472430456 HTTP/1.1[0m" 404 -
2025-06-29 17:11:32,857 - INFO - 127.0.0.1 - - [29/Jun/2025 17:11:32] "POST /api/user-details HTTP/1.1" 200 -
2025-06-29 17:11:32,880 - INFO - 127.0.0.1 - - [29/Jun/2025 17:11:32] "GET /api/children?session_id=session_1751206283488_0.9199503179547314 HTTP/1.1" 200 -
2025-06-29 17:11:37,475 - INFO - 127.0.0.1 - - [29/Jun/2025 17:11:37] "POST /api/children HTTP/1.1" 200 -
2025-06-29 17:11:37,491 - INFO - 127.0.0.1 - - [29/Jun/2025 17:11:37] "GET /api/children?session_id=session_1751206283488_0.9199503179547314 HTTP/1.1" 200 -
2025-06-29 17:11:46,102 - INFO - 127.0.0.1 - - [29/Jun/2025 17:11:46] "POST /api/chat HTTP/1.1" 200 -
2025-06-29 17:11:50,411 - INFO - 127.0.0.1 - - [29/Jun/2025 17:11:50] "GET /api/children?session_id=session_1751206283488_0.9199503179547314 HTTP/1.1" 200 -
2025-06-29 17:11:58,675 - INFO - 127.0.0.1 - - [29/Jun/2025 17:11:58] "POST /api/generate-reflection HTTP/1.1" 200 -
2025-06-29 17:11:58,692 - INFO - 127.0.0.1 - - [29/Jun/2025 17:11:58] "GET /api/children?session_id=session_1751206283488_0.9199503179547314 HTTP/1.1" 200 -
2025-06-29 17:12:00,613 - INFO - 127.0.0.1 - - [29/Jun/2025 17:12:00] "GET /dashboard HTTP/1.1" 200 -
2025-06-29 17:12:00,753 - INFO - 127.0.0.1 - - [29/Jun/2025 17:12:00] "GET /api/dashboard-data?session_id=session_1751206283488_0.9199503179547314 HTTP/1.1" 200 -
2025-06-29 17:12:07,209 - INFO - 127.0.0.1 - - [29/Jun/2025 17:12:07] "GET / HTTP/1.1" 200 -
2025-06-29 17:12:07,244 - INFO - 127.0.0.1 - - [29/Jun/2025 17:12:07] "[36mGET /widget.js?v=4.0 HTTP/1.1[0m" 304 -
2025-06-29 17:12:10,880 - INFO - 127.0.0.1 - - [29/Jun/2025 17:12:10] "GET /api/children?session_id=session_1751206283488_0.9199503179547314 HTTP/1.1" 200 -
2025-06-29 17:13:22,609 - INFO - 127.0.0.1 - - [29/Jun/2025 17:13:22] "POST /api/chat HTTP/1.1" 200 -
2025-06-29 17:15:15,379 - INFO - 127.0.0.1 - - [29/Jun/2025 17:15:15] "GET /api/children?session_id=session_1751206283488_0.9199503179547314 HTTP/1.1" 200 -
2025-06-29 17:19:20,406 - INFO - âœ… Gemini model configured.
2025-06-29 17:19:20,480 - INFO - [31m[1mWARNING: This is a development server. Do not use it in a production deployment. Use a production WSGI server instead.[0m
 * Running on all addresses (0.0.0.0)
 * Running on http://127.0.0.1:5000
 * Running on http://10.100.102.10:5000
2025-06-29 17:19:20,481 - INFO - [33mPress CTRL+C to quit[0m
2025-06-29 17:19:20,484 - INFO -  * Restarting with stat
2025-06-29 17:19:22,647 - INFO - âœ… Gemini model configured.
2025-06-29 17:19:22,665 - WARNING -  * Debugger is active!
2025-06-29 17:19:22,670 - INFO -  * Debugger PIN: 867-280-254
2025-06-29 17:19:53,891 - INFO - 127.0.0.1 - - [29/Jun/2025 17:19:53] "GET / HTTP/1.1" 200 -
2025-06-29 17:19:54,284 - INFO - 127.0.0.1 - - [29/Jun/2025 17:19:54] "GET /widget.js?v=5.0 HTTP/1.1" 200 -
2025-06-29 17:24:00,061 - INFO - âœ… Gemini model configured.
2025-06-29 17:24:00,217 - INFO - [31m[1mWARNING: This is a development server. Do not use it in a production deployment. Use a production WSGI server instead.[0m
 * Running on all addresses (0.0.0.0)
 * Running on http://127.0.0.1:5000
 * Running on http://10.100.102.10:5000
2025-06-29 17:24:00,219 - INFO - [33mPress CTRL+C to quit[0m
2025-06-29 17:24:00,225 - INFO -  * Restarting with stat
2025-06-29 17:24:03,280 - INFO - âœ… Gemini model configured.
2025-06-29 17:24:03,326 - WARNING -  * Debugger is active!
2025-06-29 17:24:03,339 - INFO -  * Debugger PIN: 867-280-254
2025-06-29 17:24:14,869 - INFO - 127.0.0.1 - - [29/Jun/2025 17:24:14] "GET / HTTP/1.1" 200 -
2025-06-29 17:24:15,387 - INFO - 127.0.0.1 - - [29/Jun/2025 17:24:15] "GET /widget.js?v=5.0 HTTP/1.1" 200 -
2025-06-29 17:24:47,154 - INFO - 127.0.0.1 - - [29/Jun/2025 17:24:47] "POST /api/user-details HTTP/1.1" 200 -
2025-06-29 17:24:47,184 - INFO - 127.0.0.1 - - [29/Jun/2025 17:24:47] "GET /api/children?session_id=session_1751207075187_0.07262683861939223 HTTP/1.1" 200 -
2025-06-29 17:24:58,253 - INFO - 127.0.0.1 - - [29/Jun/2025 17:24:58] "GET /dashboard HTTP/1.1" 200 -
2025-06-29 17:24:58,769 - INFO - 127.0.0.1 - - [29/Jun/2025 17:24:58] "GET /api/dashboard-data?session_id=session_1751207075187_0.07262683861939223 HTTP/1.1" 200 -
2025-06-29 17:25:01,512 - INFO - 127.0.0.1 - - [29/Jun/2025 17:25:01] "GET / HTTP/1.1" 200 -
2025-06-29 17:25:01,579 - INFO - 127.0.0.1 - - [29/Jun/2025 17:25:01] "[36mGET /widget.js?v=5.0 HTTP/1.1[0m" 304 -
2025-06-29 17:25:07,077 - INFO - 127.0.0.1 - - [29/Jun/2025 17:25:07] "GET /api/children?session_id=session_1751207075187_0.07262683861939223 HTTP/1.1" 200 -
2025-06-29 17:25:23,846 - INFO - 127.0.0.1 - - [29/Jun/2025 17:25:23] "GET /dashboard HTTP/1.1" 200 -
2025-06-29 17:25:24,327 - INFO - 127.0.0.1 - - [29/Jun/2025 17:25:24] "GET /api/dashboard-data?session_id=session_1751207075187_0.07262683861939223 HTTP/1.1" 200 -
2025-06-29 17:25:26,087 - INFO - 127.0.0.1 - - [29/Jun/2025 17:25:26] "GET / HTTP/1.1" 200 -
2025-06-29 17:25:26,145 - INFO - 127.0.0.1 - - [29/Jun/2025 17:25:26] "[36mGET /widget.js?v=5.0 HTTP/1.1[0m" 304 -
2025-06-29 17:26:11,536 - INFO - 127.0.0.1 - - [29/Jun/2025 17:26:11] "GET /api/children?session_id=session_1751207075187_0.07262683861939223 HTTP/1.1" 200 -
2025-06-29 17:31:51,941 - INFO - âœ… Gemini model configured.
2025-06-29 17:31:52,073 - INFO - [31m[1mWARNING: This is a development server. Do not use it in a production deployment. Use a production WSGI server instead.[0m
 * Running on all addresses (0.0.0.0)
 * Running on http://127.0.0.1:5000
 * Running on http://10.100.102.10:5000
2025-06-29 17:31:52,074 - INFO - [33mPress CTRL+C to quit[0m
2025-06-29 17:31:52,079 - INFO -  * Restarting with stat
2025-06-29 17:31:54,055 - INFO - âœ… Gemini model configured.
2025-06-29 17:31:54,076 - WARNING -  * Debugger is active!
2025-06-29 17:31:54,084 - INFO -  * Debugger PIN: 867-280-254
2025-06-29 17:32:03,835 - INFO - 127.0.0.1 - - [29/Jun/2025 17:32:03] "GET / HTTP/1.1" 200 -
2025-06-29 17:32:04,378 - INFO - 127.0.0.1 - - [29/Jun/2025 17:32:04] "GET /widget.js?v=5.0 HTTP/1.1" 200 -
2025-06-29 17:32:12,594 - INFO - 127.0.0.1 - - [29/Jun/2025 17:32:12] "GET /dashboard HTTP/1.1" 200 -
2025-06-29 17:32:13,036 - INFO - 127.0.0.1 - - [29/Jun/2025 17:32:13] "GET /api/dashboard-data?session_id=session_1751207075187_0.07262683861939223 HTTP/1.1" 200 -
2025-06-29 17:32:15,244 - INFO - 127.0.0.1 - - [29/Jun/2025 17:32:15] "GET / HTTP/1.1" 200 -
2025-06-29 17:32:15,343 - INFO - 127.0.0.1 - - [29/Jun/2025 17:32:15] "[36mGET /widget.js?v=5.0 HTTP/1.1[0m" 304 -
2025-06-29 17:35:50,543 - INFO - âœ… Gemini model configured.
2025-06-29 17:35:50,591 - INFO - [31m[1mWARNING: This is a development server. Do not use it in a production deployment. Use a production WSGI server instead.[0m
 * Running on all addresses (0.0.0.0)
 * Running on http://127.0.0.1:5000
 * Running on http://10.100.102.10:5000
2025-06-29 17:35:50,591 - INFO - [33mPress CTRL+C to quit[0m
2025-06-29 17:35:50,595 - INFO -  * Restarting with stat
2025-06-29 17:35:52,376 - INFO - âœ… Gemini model configured.
2025-06-29 17:35:52,393 - WARNING -  * Debugger is active!
2025-06-29 17:35:52,401 - INFO -  * Debugger PIN: 867-280-254
2025-06-29 17:36:03,604 - INFO - 127.0.0.1 - - [29/Jun/2025 17:36:03] "GET / HTTP/1.1" 200 -
2025-06-29 17:36:04,174 - INFO - 127.0.0.1 - - [29/Jun/2025 17:36:04] "GET /widget.js?v=5.0 HTTP/1.1" 200 -
2025-06-29 17:36:10,216 - INFO - 127.0.0.1 - - [29/Jun/2025 17:36:10] "GET /api/children?session_id=session_1751207075187_0.07262683861939223 HTTP/1.1" 200 -
2025-06-29 17:36:23,889 - INFO - 127.0.0.1 - - [29/Jun/2025 17:36:23] "POST /api/children HTTP/1.1" 200 -
2025-06-29 17:36:23,918 - INFO - 127.0.0.1 - - [29/Jun/2025 17:36:23] "GET /api/children?session_id=session_1751207075187_0.07262683861939223 HTTP/1.1" 200 -
2025-06-29 17:39:01,160 - INFO - âœ… Gemini model configured.
2025-06-29 17:39:01,290 - INFO - [31m[1mWARNING: This is a development server. Do not use it in a production deployment. Use a production WSGI server instead.[0m
 * Running on all addresses (0.0.0.0)
 * Running on http://127.0.0.1:5000
 * Running on http://10.100.102.10:5000
2025-06-29 17:39:01,291 - INFO - [33mPress CTRL+C to quit[0m
2025-06-29 17:39:01,299 - INFO -  * Restarting with stat
2025-06-29 17:39:03,457 - INFO - âœ… Gemini model configured.
2025-06-29 17:39:03,473 - WARNING -  * Debugger is active!
2025-06-29 17:39:03,482 - INFO -  * Debugger PIN: 867-280-254
2025-06-29 17:39:26,820 - INFO - 127.0.0.1 - - [29/Jun/2025 17:39:26] "GET / HTTP/1.1" 200 -
2025-06-29 17:39:27,320 - INFO - 127.0.0.1 - - [29/Jun/2025 17:39:27] "GET /widget.js?v=5.0 HTTP/1.1" 200 -
2025-06-29 17:39:29,269 - INFO - 127.0.0.1 - - [29/Jun/2025 17:39:29] "GET /dashboard HTTP/1.1" 200 -
2025-06-29 17:39:29,529 - INFO - 127.0.0.1 - - [29/Jun/2025 17:39:29] "GET /api/dashboard-data?session_id=session_1751207075187_0.07262683861939223 HTTP/1.1" 200 -
2025-06-29 17:39:35,040 - INFO - 127.0.0.1 - - [29/Jun/2025 17:39:35] "GET / HTTP/1.1" 200 -
2025-06-29 17:39:35,101 - INFO - 127.0.0.1 - - [29/Jun/2025 17:39:35] "[36mGET /widget.js?v=5.0 HTTP/1.1[0m" 304 -
2025-06-29 17:39:39,637 - INFO - 127.0.0.1 - - [29/Jun/2025 17:39:39] "GET /api/children?session_id=session_1751207075187_0.07262683861939223 HTTP/1.1" 200 -
2025-06-29 17:40:06,775 - INFO - 127.0.0.1 - - [29/Jun/2025 17:40:06] "POST /api/chat HTTP/1.1" 200 -
2025-06-29 18:07:31,074 - WARNING - Old schema detected: Missing column 'gender' in table 'child'.
2025-06-29 18:07:31,078 - WARNING - Deleting old/corrupt database to recreate it.
2025-06-29 18:07:31,081 - INFO - Database 'C:\Users\ori\Desktop\yonatan-bot\data\yonatan.db' deleted successfully.
2025-06-29 18:07:31,132 - INFO - âœ… Gemini model configured.
2025-06-29 18:07:31,321 - INFO - [31m[1mWARNING: This is a development server. Do not use it in a production deployment. Use a production WSGI server instead.[0m
 * Running on all addresses (0.0.0.0)
 * Running on http://127.0.0.1:5000
 * Running on http://10.100.102.10:5000
2025-06-29 18:07:31,322 - INFO - [33mPress CTRL+C to quit[0m
2025-06-29 18:07:31,328 - INFO -  * Restarting with stat
2025-06-29 18:07:35,435 - INFO - âœ… Gemini model configured.
2025-06-29 18:07:35,492 - WARNING -  * Debugger is active!
2025-06-29 18:07:35,503 - INFO -  * Debugger PIN: 867-280-254
2025-06-29 18:07:54,525 - INFO - 127.0.0.1 - - [29/Jun/2025 18:07:54] "GET / HTTP/1.1" 200 -
2025-06-29 18:07:54,946 - INFO - 127.0.0.1 - - [29/Jun/2025 18:07:54] "GET /widget.js?v=5.0 HTTP/1.1" 200 -
2025-06-29 18:08:04,670 - INFO - 127.0.0.1 - - [29/Jun/2025 18:08:04] "GET /dashboard HTTP/1.1" 200 -
2025-06-29 18:08:04,996 - INFO - 127.0.0.1 - - [29/Jun/2025 18:08:04] "[33mGET /api/dashboard-data?session_id=session_1751207075187_0.07262683861939223 HTTP/1.1[0m" 404 -
2025-06-29 18:08:07,256 - INFO - 127.0.0.1 - - [29/Jun/2025 18:08:07] "GET / HTTP/1.1" 200 -
2025-06-29 18:08:07,340 - INFO - 127.0.0.1 - - [29/Jun/2025 18:08:07] "[36mGET /widget.js?v=5.0 HTTP/1.1[0m" 304 -
2025-06-29 18:14:39,656 - INFO - âœ… Gemini model configured.
2025-06-29 18:14:39,776 - INFO - [31m[1mWARNING: This is a development server. Do not use it in a production deployment. Use a production WSGI server instead.[0m
 * Running on all addresses (0.0.0.0)
 * Running on http://127.0.0.1:5000
 * Running on http://10.100.102.10:5000
2025-06-29 18:14:39,777 - INFO - [33mPress CTRL+C to quit[0m
2025-06-29 18:14:39,781 - INFO -  * Restarting with stat
2025-06-29 18:14:42,356 - INFO - âœ… Gemini model configured.
2025-06-29 18:14:42,379 - WARNING -  * Debugger is active!
2025-06-29 18:14:42,388 - INFO -  * Debugger PIN: 867-280-254
2025-06-29 18:14:52,932 - INFO - 127.0.0.1 - - [29/Jun/2025 18:14:52] "GET / HTTP/1.1" 200 -
2025-06-29 18:14:53,282 - INFO - 127.0.0.1 - - [29/Jun/2025 18:14:53] "[36mGET /widget.js?v=5.0 HTTP/1.1[0m" 304 -
2025-06-29 18:14:57,066 - INFO - 127.0.0.1 - - [29/Jun/2025 18:14:57] "GET /dashboard HTTP/1.1" 200 -
2025-06-29 18:14:57,435 - INFO - 127.0.0.1 - - [29/Jun/2025 18:14:57] "[33mGET /api/dashboard-data?session_id=session_1751207075187_0.07262683861939223 HTTP/1.1[0m" 404 -
2025-06-29 18:14:59,298 - INFO - 127.0.0.1 - - [29/Jun/2025 18:14:59] "GET / HTTP/1.1" 200 -
2025-06-29 18:14:59,403 - INFO - 127.0.0.1 - - [29/Jun/2025 18:14:59] "[36mGET /widget.js?v=5.0 HTTP/1.1[0m" 304 -
2025-06-29 18:15:09,942 - INFO - 127.0.0.1 - - [29/Jun/2025 18:15:09] "[33mGET /.well-known/appspecific/com.chrome.devtools.json HTTP/1.1[0m" 404 -
2025-06-29 18:19:36,534 - INFO - âœ… Gemini model configured.
2025-06-29 18:19:36,575 - INFO - [31m[1mWARNING: This is a development server. Do not use it in a production deployment. Use a production WSGI server instead.[0m
 * Running on all addresses (0.0.0.0)
 * Running on http://127.0.0.1:5000
 * Running on http://10.100.102.10:5000
2025-06-29 18:19:36,576 - INFO - [33mPress CTRL+C to quit[0m
2025-06-29 18:19:36,580 - INFO -  * Restarting with stat
2025-06-29 18:19:37,942 - INFO - âœ… Gemini model configured.
2025-06-29 18:19:37,952 - WARNING -  * Debugger is active!
2025-06-29 18:19:37,957 - INFO -  * Debugger PIN: 867-280-254
2025-06-29 18:19:55,151 - INFO - 127.0.0.1 - - [29/Jun/2025 18:19:55] "GET / HTTP/1.1" 200 -
2025-06-29 18:19:55,384 - INFO - 127.0.0.1 - - [29/Jun/2025 18:19:55] "GET /widget.js?v=5.0 HTTP/1.1" 200 -
2025-06-29 18:20:12,450 - INFO - 127.0.0.1 - - [29/Jun/2025 18:20:12] "POST /api/user-details HTTP/1.1" 200 -
2025-06-29 18:20:12,470 - INFO - 127.0.0.1 - - [29/Jun/2025 18:20:12] "GET /api/children?session_id=session_1751210400095_0.18965530949969078 HTTP/1.1" 200 -
2025-06-29 18:20:26,647 - INFO - New child '××™×©×œ' (female) added for user session_1751210400095_0.18965530949969078.
2025-06-29 18:20:26,651 - INFO - 127.0.0.1 - - [29/Jun/2025 18:20:26] "POST /api/children HTTP/1.1" 200 -
2025-06-29 18:20:26,667 - INFO - 127.0.0.1 - - [29/Jun/2025 18:20:26] "GET /api/children?session_id=session_1751210400095_0.18965530949969078 HTTP/1.1" 200 -
2025-06-29 18:20:44,102 - INFO - 127.0.0.1 - - [29/Jun/2025 18:20:44] "[35m[1mPOST /api/chat HTTP/1.1[0m" 500 -
2025-06-29 18:21:09,577 - INFO - 127.0.0.1 - - [29/Jun/2025 18:21:09] "[33mGET /.well-known/appspecific/com.chrome.devtools.json HTTP/1.1[0m" 404 -
2025-06-29 18:36:54,241 - WARNING - Old schema detected in table 'child'.
2025-06-29 18:36:54,244 - WARNING - Recreating database due to schema mismatch.
2025-06-29 18:36:54,249 - INFO - Old database file removed.
2025-06-29 18:36:54,269 - INFO - âœ… Gemini model configured.
2025-06-29 18:36:54,347 - INFO - [31m[1mWARNING: This is a development server. Do not use it in a production deployment. Use a production WSGI server instead.[0m
 * Running on all addresses (0.0.0.0)
 * Running on http://127.0.0.1:5000
 * Running on http://10.100.102.10:5000
2025-06-29 18:36:54,348 - INFO - [33mPress CTRL+C to quit[0m
2025-06-29 18:36:54,350 - INFO -  * Restarting with stat
2025-06-29 18:36:55,901 - INFO - âœ… Gemini model configured.
2025-06-29 18:36:55,912 - WARNING -  * Debugger is active!
2025-06-29 18:36:55,916 - INFO -  * Debugger PIN: 867-280-254
2025-06-29 18:37:52,272 - INFO - 127.0.0.1 - - [29/Jun/2025 18:37:52] "GET / HTTP/1.1" 200 -
2025-06-29 18:37:52,539 - INFO - 127.0.0.1 - - [29/Jun/2025 18:37:52] "GET /widget.js?v=5.0 HTTP/1.1" 200 -
2025-06-29 18:37:55,575 - INFO - 127.0.0.1 - - [29/Jun/2025 18:37:55] "[33mGET /api/children?session_id=session_1751210400095_0.18965530949969078 HTTP/1.1[0m" 404 -
2025-06-29 18:38:04,801 - INFO - 127.0.0.1 - - [29/Jun/2025 18:38:04] "[33mGET /.well-known/appspecific/com.chrome.devtools.json HTTP/1.1[0m" 404 -
2025-06-29 18:44:27,888 - INFO -  * Detected change in 'C:\\Users\\ori\\Desktop\\yonatan-bot\\models.py', reloading
2025-06-29 18:44:29,170 - INFO -  * Restarting with stat
2025-06-29 18:44:33,468 - INFO - âœ… Gemini model configured.
2025-06-29 18:44:33,522 - WARNING -  * Debugger is active!
2025-06-29 18:44:33,532 - INFO -  * Debugger PIN: 867-280-254
2025-06-29 18:44:45,673 - INFO -  * Detected change in 'C:\\Users\\ori\\Desktop\\yonatan-bot\\app.py', reloading
2025-06-29 18:44:46,029 - INFO -  * Restarting with stat
2025-06-29 18:44:48,642 - INFO - âœ… Gemini model configured.
2025-06-29 18:44:48,668 - WARNING -  * Debugger is active!
2025-06-29 18:44:48,674 - INFO -  * Debugger PIN: 867-280-254
2025-06-29 18:45:21,337 - INFO - âœ… Gemini model configured.
2025-06-29 18:45:21,445 - INFO - [31m[1mWARNING: This is a development server. Do not use it in a production deployment. Use a production WSGI server instead.[0m
 * Running on all addresses (0.0.0.0)
 * Running on http://127.0.0.1:5000
 * Running on http://10.100.102.10:5000
2025-06-29 18:45:21,447 - INFO - [33mPress CTRL+C to quit[0m
2025-06-29 18:45:21,453 - INFO -  * Restarting with stat
2025-06-29 18:45:23,782 - INFO - âœ… Gemini model configured.
2025-06-29 18:45:23,810 - WARNING -  * Debugger is active!
2025-06-29 18:45:23,812 - INFO -  * Debugger PIN: 867-280-254
2025-06-29 18:48:08,137 - INFO - 127.0.0.1 - - [29/Jun/2025 18:48:08] "GET / HTTP/1.1" 200 -
2025-06-29 18:48:08,454 - INFO - 127.0.0.1 - - [29/Jun/2025 18:48:08] "GET /widget.js?v=5.0 HTTP/1.1" 200 -
2025-06-29 18:48:16,751 - INFO - 127.0.0.1 - - [29/Jun/2025 18:48:16] "[33mGET /api/children?session_id=session_1751210400095_0.18965530949969078 HTTP/1.1[0m" 404 -
2025-06-29 18:48:42,001 - INFO - 127.0.0.1 - - [29/Jun/2025 18:48:42] "POST /api/user-details HTTP/1.1" 200 -
2025-06-29 18:48:42,029 - INFO - 127.0.0.1 - - [29/Jun/2025 18:48:42] "GET /api/children?session_id=session_1751212096760_0.13301927466724595 HTTP/1.1" 200 -
2025-06-29 18:48:57,580 - INFO - 127.0.0.1 - - [29/Jun/2025 18:48:57] "POST /api/children HTTP/1.1" 200 -
2025-06-29 18:48:57,602 - INFO - 127.0.0.1 - - [29/Jun/2025 18:48:57] "GET /api/children?session_id=session_1751212096760_0.13301927466724595 HTTP/1.1" 200 -
2025-06-29 18:49:23,403 - INFO - 127.0.0.1 - - [29/Jun/2025 18:49:23] "POST /api/chat HTTP/1.1" 200 -
2025-06-29 18:55:09,639 - INFO - 127.0.0.1 - - [29/Jun/2025 18:55:09] "GET /api/children?session_id=session_1751212096760_0.13301927466724595 HTTP/1.1" 200 -
2025-06-29 18:55:27,624 - INFO - 127.0.0.1 - - [29/Jun/2025 18:55:27] "POST /api/chat HTTP/1.1" 200 -
2025-06-29 18:55:27,810 - INFO - 127.0.0.1 - - [29/Jun/2025 18:55:27] "GET /api/children?session_id=session_1751212096760_0.13301927466724595 HTTP/1.1" 200 -
2025-06-29 19:02:42,965 - INFO -  * Detected change in 'C:\\Users\\ori\\Desktop\\yonatan-bot\\models.py', reloading
2025-06-29 19:02:46,392 - INFO -  * Restarting with stat
2025-06-29 19:02:50,143 - INFO - âœ… Gemini model configured.
2025-06-29 19:02:50,191 - WARNING -  * Debugger is active!
2025-06-29 19:02:50,201 - INFO -  * Debugger PIN: 867-280-254
2025-06-29 19:03:02,338 - INFO -  * Detected change in 'C:\\Users\\ori\\Desktop\\yonatan-bot\\app.py', reloading
2025-06-29 19:03:02,701 - INFO -  * Restarting with stat
2025-06-29 19:03:23,175 - INFO -  * Restarting with stat
